# JRE version: OpenJDK Runtime Environment (22.0+36) (build 22+36-2370)
# Java VM: OpenJDK 64-Bit Server VM (22+36-2370, mixed mode, sharing, tiered, compressed oops, compressed class ptrs, g1 gc, windows-amd64)
GC Precious Log:
 CardTable entry size: 512
 Card Set container configuration: InlinePtr #cards 5 size 8 Array Of Cards #cards 12 size 40 Howl #buckets 4 coarsen threshold 1843 Howl Bitmap #cards 512 size 80 coarsen threshold 460 Card regions per heap region 1 cards per card region 2048
 CPUs: 2 total, 2 available
 Memory: 8063M
 Large Page Support: Disabled
 NUMA Support: Disabled
 Compressed Oops: Enabled (32-bit)
 Heap Region Size: 1M
 Heap Min Capacity: 8M
 Heap Initial Capacity: 126M
 Heap Max Capacity: 2016M
 Pre-touch: Disabled
 Parallel Workers: 2
 Concurrent Workers: 1
 Concurrent Refinement Workers: 2
 Periodic GC: Disabled
Heap:
 garbage-first heap   total reserved 2064384K, committed 46080K, used 26648K [0x0000000082000000, 0x0000000100000000)
  region size 1024K, 2 young (2048K), 2 survivors (2048K)
 Metaspace       used 51557K, committed 51968K, reserved 1114112K
  class space    used 6858K, committed 7040K, reserved 1048576K
GC Heap History (20 events):
Event: 13.374 GC heap after
{Heap after GC invocations=20 (full 0):
 garbage-first heap   total reserved 2064384K, committed 46080K, used 22668K [0x0000000082000000, 0x0000000100000000)
  region size 1024K, 3 young (3072K), 3 survivors (3072K)
 Metaspace       used 50013K, committed 50368K, reserved 1114112K
  class space    used 6842K, committed 7040K, reserved 1048576K
}
Event: 13.767 GC heap before
{Heap before GC invocations=20 (full 0):
 garbage-first heap   total reserved 2064384K, committed 46080K, used 39052K [0x0000000082000000, 0x0000000100000000)
  region size 1024K, 19 young (19456K), 3 survivors (3072K)
 Metaspace       used 50129K, committed 50496K, reserved 1114112K
  class space    used 6842K, committed 7040K, reserved 1048576K
}
Event: 13.770 GC heap after
{Heap after GC invocations=21 (full 0):
 garbage-first heap   total reserved 2064384K, committed 46080K, used 21601K [0x0000000082000000, 0x0000000100000000)
  region size 1024K, 1 young (1024K), 1 survivors (1024K)
 Metaspace       used 50129K, committed 50496K, reserved 1114112K
  class space    used 6842K, committed 7040K, reserved 1048576K
}
Event: 14.913 GC heap before
{Heap before GC invocations=22 (full 0):
 garbage-first heap   total reserved 2064384K, committed 46080K, used 41057K [0x0000000082000000, 0x0000000100000000)
  region size 1024K, 20 young (20480K), 1 survivors (1024K)
 Metaspace       used 50491K, committed 50880K, reserved 1114112K
  class space    used 6845K, committed 7040K, reserved 1048576K
}
Event: 14.917 GC heap after
{Heap after GC invocations=23 (full 0):
 garbage-first heap   total reserved 2064384K, committed 46080K, used 23574K [0x0000000082000000, 0x0000000100000000)
  region size 1024K, 3 young (3072K), 3 survivors (3072K)
 Metaspace       used 50491K, committed 50880K, reserved 1114112K
  class space    used 6845K, committed 7040K, reserved 1048576K
}
Event: 15.597 GC heap before
{Heap before GC invocations=23 (full 0):
 garbage-first heap   total reserved 2064384K, committed 46080K, used 38934K [0x0000000082000000, 0x0000000100000000)
  region size 1024K, 18 young (18432K), 3 survivors (3072K)
 Metaspace       used 50640K, committed 51008K, reserved 1114112K
  class space    used 6845K, committed 7040K, reserved 1048576K
}
Event: 15.605 GC heap after
{Heap after GC invocations=24 (full 0):
 garbage-first heap   total reserved 2064384K, committed 46080K, used 21685K [0x0000000082000000, 0x0000000100000000)
  region size 1024K, 1 young (1024K), 1 survivors (1024K)
 Metaspace       used 50640K, committed 51008K, reserved 1114112K
  class space    used 6845K, committed 7040K, reserved 1048576K
}
Event: 16.394 GC heap before
{Heap before GC invocations=24 (full 0):
 garbage-first heap   total reserved 2064384K, committed 46080K, used 41141K [0x0000000082000000, 0x0000000100000000)
  region size 1024K, 20 young (20480K), 1 survivors (1024K)
 Metaspace       used 50935K, committed 51328K, reserved 1114112K
  class space    used 6850K, committed 7040K, reserved 1048576K
}
Event: 16.399 GC heap after
{Heap after GC invocations=25 (full 0):
 garbage-first heap   total reserved 2064384K, committed 46080K, used 23631K [0x0000000082000000, 0x0000000100000000)
  region size 1024K, 3 young (3072K), 3 survivors (3072K)
 Metaspace       used 50935K, committed 51328K, reserved 1114112K
  class space    used 6850K, committed 7040K, reserved 1048576K
}
Event: 16.795 GC heap before
{Heap before GC invocations=26 (full 0):
 garbage-first heap   total reserved 2064384K, committed 46080K, used 38991K [0x0000000082000000, 0x0000000100000000)
  region size 1024K, 18 young (18432K), 3 survivors (3072K)
 Metaspace       used 51068K, committed 51456K, reserved 1114112K
  class space    used 6850K, committed 7040K, reserved 1048576K
}
Event: 16.800 GC heap after
{Heap after GC invocations=27 (full 0):
 garbage-first heap   total reserved 2064384K, committed 46080K, used 22456K [0x0000000082000000, 0x0000000100000000)
  region size 1024K, 1 young (1024K), 1 survivors (1024K)
 Metaspace       used 51068K, committed 51456K, reserved 1114112K
  class space    used 6850K, committed 7040K, reserved 1048576K
}
Event: 17.721 GC heap before
{Heap before GC invocations=27 (full 0):
 garbage-first heap   total reserved 2064384K, committed 46080K, used 40888K [0x0000000082000000, 0x0000000100000000)
  region size 1024K, 19 young (19456K), 1 survivors (1024K)
 Metaspace       used 51239K, committed 51648K, reserved 1114112K
  class space    used 6854K, committed 7040K, reserved 1048576K
}
Event: 17.728 GC heap after
{Heap after GC invocations=28 (full 0):
 garbage-first heap   total reserved 2064384K, committed 46080K, used 24319K [0x0000000082000000, 0x0000000100000000)
  region size 1024K, 3 young (3072K), 3 survivors (3072K)
 Metaspace       used 51239K, committed 51648K, reserved 1114112K
  class space    used 6854K, committed 7040K, reserved 1048576K
}
Event: 18.200 GC heap before
{Heap before GC invocations=28 (full 0):
 garbage-first heap   total reserved 2064384K, committed 46080K, used 38655K [0x0000000082000000, 0x0000000100000000)
  region size 1024K, 17 young (17408K), 3 survivors (3072K)
 Metaspace       used 51287K, committed 51648K, reserved 1114112K
  class space    used 6854K, committed 7040K, reserved 1048576K
}
Event: 18.203 GC heap after
{Heap after GC invocations=29 (full 0):
 garbage-first heap   total reserved 2064384K, committed 46080K, used 23506K [0x0000000082000000, 0x0000000100000000)
  region size 1024K, 1 young (1024K), 1 survivors (1024K)
 Metaspace       used 51287K, committed 51648K, reserved 1114112K
  class space    used 6854K, committed 7040K, reserved 1048576K
}
Event: 19.426 GC heap before
{Heap before GC invocations=30 (full 0):
 garbage-first heap   total reserved 2064384K, committed 46080K, used 40914K [0x0000000082000000, 0x0000000100000000)
  region size 1024K, 18 young (18432K), 1 survivors (1024K)
 Metaspace       used 51382K, committed 51776K, reserved 1114112K
  class space    used 6855K, committed 7040K, reserved 1048576K
}
Event: 19.430 GC heap after
{Heap after GC invocations=31 (full 0):
 garbage-first heap   total reserved 2064384K, committed 46080K, used 25092K [0x0000000082000000, 0x0000000100000000)
  region size 1024K, 3 young (3072K), 3 survivors (3072K)
 Metaspace       used 51382K, committed 51776K, reserved 1114112K
  class space    used 6855K, committed 7040K, reserved 1048576K
}
Event: 19.583 GC heap before
{Heap before GC invocations=31 (full 0):
 garbage-first heap   total reserved 2064384K, committed 46080K, used 38404K [0x0000000082000000, 0x0000000100000000)
  region size 1024K, 16 young (16384K), 3 survivors (3072K)
 Metaspace       used 51479K, committed 51840K, reserved 1114112K
  class space    used 6858K, committed 7040K, reserved 1048576K
}
Event: 19.589 GC heap after
{Heap after GC invocations=32 (full 0):
 garbage-first heap   total reserved 2064384K, committed 46080K, used 26126K [0x0000000082000000, 0x0000000100000000)
  region size 1024K, 2 young (2048K), 2 survivors (2048K)
 Metaspace       used 51479K, committed 51840K, reserved 1114112K
  class space    used 6858K, committed 7040K, reserved 1048576K
}
Event: 19.820 GC heap before
{Heap before GC invocations=32 (full 0):
 garbage-first heap   total reserved 2064384K, committed 46080K, used 39438K [0x0000000082000000, 0x0000000100000000)
  region size 1024K, 15 young (15360K), 2 survivors (2048K)
 Metaspace       used 51557K, committed 51968K, reserved 1114112K
  class space    used 6858K, committed 7040K, reserved 1048576K
}

